<?xml version="1.0" encoding="UTF-8"?><testsuite errors="1" failures="0" name="I as a user I want to create a purchase on the page saucedemo" skipped="0" tests="1" time="4.76" timestamp="2023-03-16 08:37:12"><testcase name="purchase of products of page"><error message="Arity mismatch: Step Definition 'co.com.tevolvers.certification.swaglabs.stepdefinitions.PurchaseStepDefinitions.theUserEntersTheInformationForThePurchase() in file:/D:/Dropbox/Nikits/Work/reto%20T-evolvers/WEB_AUTOMATION_TESTING/WEB_TEST/build/classes/java/test/' with pattern [the user enters the information for the purchase] is declared with 0 parameters. However, the gherkin step has 1 arguments [Table:[[firstname, lastname, postalCode], [nicolas, henderson, 56484]]]. &#10;Step text: the user enters the information for the purchase" type="cucumber.runtime.CucumberException">Arity mismatch: Step Definition 'co.com.tevolvers.certification.swaglabs.stepdefinitions.PurchaseStepDefinitions.theUserEntersTheInformationForThePurchase() in file:/D:/Dropbox/Nikits/Work/reto%20T-evolvers/WEB_AUTOMATION_TESTING/WEB_TEST/build/classes/java/test/' with pattern [the user enters the information for the purchase] is declared with 0 parameters. However, the gherkin step has 1 arguments [Table:[[firstname, lastname, postalCode], [nicolas, henderson, 56484]]]. 
Step text: the user enters the information for the purchase</error><system-err>Arity mismatch: Step Definition 'co.com.tevolvers.certification.swaglabs.stepdefinitions.PurchaseStepDefinitions.theUserEntersTheInformationForThePurchase() in file:/D:/Dropbox/Nikits/Work/reto%20T-evolvers/WEB_AUTOMATION_TESTING/WEB_TEST/build/classes/java/test/' with pattern [the user enters the information for the purchase] is declared with 0 parameters. However, the gherkin step has 1 arguments [Table:[[firstname, lastname, postalCode], [nicolas, henderson, 56484]]]. 
Step text: the user enters the information for the purchase&#13;
cucumber.runner.Runner.runPickle(Runner.java:80)&#13;
worker.org.gradle.process.internal.worker.GradleWorkerMain.run(GradleWorkerMain.java:69)&#13;
worker.org.gradle.process.internal.worker.GradleWorkerMain.main(GradleWorkerMain.java:74)&#13;
</system-err></testcase></testsuite>