<?xml version="1.0" encoding="UTF-8"?><testsuite errors="0" failures="0" name="I as user i want to use api booking" skipped="0" tests="10" time="7.27" timestamp="2023-03-15 03:11:15"><testcase name="create a booking"/><testcase name="create failed a booking"/><testcase name="create failed a booking without check"/><testcase name="search a booking"/><testcase name="search a booking don´t existing"/><testcase name="update a booking"/><testcase name="update bad a booking without token"/></testsuite>